<?xml version="1.0" encoding="UTF-8"?>
<testsuite name="com.example.demo2.Demo2ApplicationTests" tests="1" skipped="0" failures="0" errors="0" timestamp="2023-06-09T17:28:06" hostname="DESKTOP-4RHLCL8" time="1.168">
  <properties/>
  <testcase name="contextLoads()" classname="com.example.demo2.Demo2ApplicationTests" time="1.168"/>
  <system-out><![CDATA[02:27:53.901 [Test worker] INFO org.springframework.test.context.support.AnnotationConfigContextLoaderUtils -- Could not detect default configuration classes for test class [com.example.demo2.Demo2ApplicationTests]: Demo2ApplicationTests does not declare any static, non-private, non-final, nested classes annotated with @Configuration.
02:27:54.125 [Test worker] INFO org.springframework.boot.test.context.SpringBootTestContextBootstrapper -- Found @SpringBootConfiguration com.example.demo2.Demo2Application for test class com.example.demo2.Demo2ApplicationTests

  .   ____          _            __ _ _
 /\\ / ___'_ __ _ _(_)_ __  __ _ \ \ \ \
( ( )\___ | '_ | '_| | '_ \/ _` | \ \ \ \
 \\/  ___)| |_)| | | | | || (_| |  ) ) ) )
  '  |____| .__|_| |_|_| |_\__, | / / / /
 =========|_|==============|___/=/_/_/_/
 :: Spring Boot ::       (v3.1.1-SNAPSHOT)

2023-06-10T02:27:55.196+09:00  INFO 6596 --- [    Test worker] c.example.demo2.Demo2ApplicationTests    : Starting Demo2ApplicationTests using Java 20.0.1 with PID 6596 (started by USer in C:\Users\USer\Downloads\CloudComputing\demo2)
2023-06-10T02:27:55.199+09:00  INFO 6596 --- [    Test worker] c.example.demo2.Demo2ApplicationTests    : No active profile set, falling back to 1 default profile: "default"
2023-06-10T02:27:56.738+09:00  INFO 6596 --- [    Test worker] .s.d.r.c.RepositoryConfigurationDelegate : Bootstrapping Spring Data JPA repositories in DEFAULT mode.
2023-06-10T02:27:56.861+09:00  INFO 6596 --- [    Test worker] .s.d.r.c.RepositoryConfigurationDelegate : Finished Spring Data repository scanning in 107 ms. Found 2 JPA repository interfaces.
2023-06-10T02:27:57.815+09:00  INFO 6596 --- [    Test worker] o.hibernate.jpa.internal.util.LogHelper  : HHH000204: Processing PersistenceUnitInfo [name: default]
2023-06-10T02:27:57.958+09:00  INFO 6596 --- [    Test worker] org.hibernate.Version                    : HHH000412: Hibernate ORM core version 6.2.2.Final
2023-06-10T02:27:57.963+09:00  INFO 6596 --- [    Test worker] org.hibernate.cfg.Environment            : HHH000406: Using bytecode reflection optimizer
2023-06-10T02:27:58.314+09:00  INFO 6596 --- [    Test worker] o.h.b.i.BytecodeProviderInitiator        : HHH000021: Bytecode provider name : bytebuddy
2023-06-10T02:27:58.684+09:00  INFO 6596 --- [    Test worker] o.s.o.j.p.SpringPersistenceUnitInfo      : No LoadTimeWeaver setup: ignoring JPA class transformer
2023-06-10T02:27:58.726+09:00  INFO 6596 --- [    Test worker] com.zaxxer.hikari.HikariDataSource       : HikariPool-1 - Starting...
2023-06-10T02:28:00.229+09:00  INFO 6596 --- [    Test worker] com.zaxxer.hikari.pool.HikariPool        : HikariPool-1 - Added connection com.mysql.cj.jdbc.ConnectionImpl@15f861ee
2023-06-10T02:28:00.235+09:00  INFO 6596 --- [    Test worker] com.zaxxer.hikari.HikariDataSource       : HikariPool-1 - Start completed.
2023-06-10T02:28:00.510+09:00  INFO 6596 --- [    Test worker] org.hibernate.orm.dialect                : HHH035001: Using dialect: org.hibernate.dialect.MySQLDialect, version: 8.0.32
2023-06-10T02:28:01.229+09:00  INFO 6596 --- [    Test worker] o.h.b.i.BytecodeProviderInitiator        : HHH000021: Bytecode provider name : bytebuddy
2023-06-10T02:28:02.599+09:00  INFO 6596 --- [    Test worker] o.h.e.t.j.p.i.JtaPlatformInitiator       : HHH000490: Using JtaPlatform implementation: [org.hibernate.engine.transaction.jta.platform.internal.NoJtaPlatform]
2023-06-10T02:28:02.767+09:00  INFO 6596 --- [    Test worker] o.h.t.s.i.e.GenerationTargetToDatabase   : HHH000476: Executing script '[injected ScriptSourceInputNonExistentImpl script]'
2023-06-10T02:28:02.772+09:00  INFO 6596 --- [    Test worker] j.LocalContainerEntityManagerFactoryBean : Initialized JPA EntityManagerFactory for persistence unit 'default'
2023-06-10T02:28:03.450+09:00  INFO 6596 --- [    Test worker] o.s.d.j.r.query.QueryEnhancerFactory     : Hibernate is in classpath; If applicable, HQL parser will be used.
2023-06-10T02:28:04.966+09:00  WARN 6596 --- [    Test worker] JpaBaseConfiguration$JpaWebConfiguration : spring.jpa.open-in-view is enabled by default. Therefore, database queries may be performed during view rendering. Explicitly configure spring.jpa.open-in-view to disable this warning
2023-06-10T02:28:06.289+09:00  INFO 6596 --- [    Test worker] c.example.demo2.Demo2ApplicationTests    : Started Demo2ApplicationTests in 11.773 seconds (process running for 14.343)
]]></system-out>
  <system-err><![CDATA[]]></system-err>
</testsuite>
